2015-02-05 22:55:38,664 [ModalContext] WARN  o.e.m.i.discovery.MavenDiscovery - CatalogItem org.eclipse.m2e.discovery.lifecyclemapping.m2e-egit does not contain lifecycle mapping metadata
2015-02-05 22:55:38,675 [ModalContext] WARN  o.e.m.i.discovery.MavenDiscovery - CatalogItem org.eclipse.m2e.discovery.lifecyclemapping.m2e-subversive does not contain lifecycle mapping metadata
2015-02-05 22:55:38,675 [ModalContext] WARN  o.e.m.i.discovery.MavenDiscovery - CatalogItem org.eclipse.m2e.discovery.lifecyclemapping.m2e-subclipse does not contain lifecycle mapping metadata
2015-02-05 22:55:38,716 [ModalContext] WARN  o.e.m.i.discovery.MavenDiscovery - CatalogItem org.eclipse.xtext.m2e.xtextConfigurator does not contain lifecycle mapping metadata
2015-02-05 22:55:42,340 [Worker-0] INFO  o.e.m.c.i.l.LifecycleMappingFactory - Using org.maven.ide.eclipse.wtp.WarLifecycleMapping lifecycle mapping for MavenProject: com.ecommerce:product:0.0.1-SNAPSHOT @ /home/jiandong/Project2015/ecommerce/product/pom.xml.
2015-02-05 22:55:43,302 [Worker-0] INFO  o.e.m.j.i.AbstractJavaProjectConfigurator - Adding source folder /product/src/main/java
2015-02-05 22:55:43,302 [Worker-0] INFO  o.e.m.j.i.AbstractJavaProjectConfigurator - Adding resource folder /product/src/main/resources
2015-02-05 22:55:43,302 [Worker-0] INFO  o.e.m.j.i.AbstractJavaProjectConfigurator - Adding resource folder /product/src/main/resources
2015-02-05 22:55:43,303 [Worker-0] INFO  o.e.m.j.i.AbstractJavaProjectConfigurator - Adding source folder /product/src/test/java
2015-02-05 22:55:43,355 [Worker-5] INFO  o.e.m.c.i.l.LifecycleMappingFactory - Using org.maven.ide.eclipse.wtp.WarLifecycleMapping lifecycle mapping for MavenProject: com.ecommerce:product:0.0.1-SNAPSHOT @ /home/jiandong/Project2015/ecommerce/product/pom.xml.
2015-02-05 22:55:45,627 [Worker-0] INFO  o.e.m.c.i.p.ProjectConfigurationManager - Project import completed 4 sec
2015-02-05 22:55:46,327 [Worker-0] INFO  o.e.m.c.i.p.ProjectConfigurationManager - Update started
2015-02-05 22:55:46,327 [Worker-0] INFO  o.e.m.c.i.p.ProjectConfigurationManager - Update completed: 0 sec
2015-02-05 22:55:47,279 [Worker-6] INFO  o.e.m.c.i.l.LifecycleMappingFactory - Using org.maven.ide.eclipse.wtp.WarLifecycleMapping lifecycle mapping for MavenProject: com.ecommerce:product:0.0.1-SNAPSHOT @ /home/jiandong/Project2015/ecommerce/product/pom.xml.
2015-02-05 22:55:47,618 [Worker-2] INFO  o.e.m.c.i.l.LifecycleMappingFactory - Using org.maven.ide.eclipse.wtp.WarLifecycleMapping lifecycle mapping for MavenProject: com.ecommerce:product:0.0.1-SNAPSHOT @ /home/jiandong/Project2015/ecommerce/product/pom.xml.
2015-02-05 22:55:48,465 [Worker-2] INFO  o.e.m.c.i.embedder.EclipseLogger - Using 'UTF-8' encoding to copy filtered resources.
2015-02-05 22:55:48,468 [Worker-2] INFO  o.e.m.c.i.embedder.EclipseLogger - Copying 1 resource
2015-02-05 22:55:48,478 [Worker-2] INFO  o.e.m.c.i.embedder.EclipseLogger - Copying 0 resource
2015-02-05 22:55:48,479 [Worker-2] INFO  o.e.m.c.i.embedder.EclipseLogger - Using 'UTF-8' encoding to copy filtered resources.
2015-02-05 22:55:48,480 [Worker-2] INFO  o.e.m.c.i.embedder.EclipseLogger - skip non existing resourceDirectory /home/jiandong/Project2015/ecommerce/product/src/test/resources
2015-02-05 22:55:49,566 [Worker-8] INFO  o.e.m.c.i.l.LifecycleMappingFactory - Using org.maven.ide.eclipse.wtp.WarLifecycleMapping lifecycle mapping for MavenProject: com.ecommerce:product:0.0.1-SNAPSHOT @ /home/jiandong/Project2015/ecommerce/product/pom.xml.
2015-02-05 22:55:50,705 [Worker-2] INFO  o.e.m.c.i.embedder.EclipseLogger - Using 'UTF-8' encoding to copy filtered resources.
2015-02-05 22:55:50,706 [Worker-2] INFO  o.e.m.c.i.embedder.EclipseLogger - Copying 0 resource
2015-02-05 22:55:50,706 [Worker-2] INFO  o.e.m.c.i.embedder.EclipseLogger - Copying 0 resource
2015-02-05 22:55:50,707 [Worker-2] INFO  o.e.m.c.i.embedder.EclipseLogger - Using 'UTF-8' encoding to copy filtered resources.
2015-02-05 22:55:50,707 [Worker-2] INFO  o.e.m.c.i.embedder.EclipseLogger - skip non existing resourceDirectory /home/jiandong/Project2015/ecommerce/product/src/test/resources
